objc[1643]: Class AXEmojiUtilities is implemented in both /Applications/Xcode.app/Contents/Developer/Platforms/iPhoneSimulator.platform/Developer/SDKs/iPhoneSimulator7.1.sdk/System/Library/PrivateFrameworks/AccessibilityUtilities.framework/AccessibilityUtilities and /Applications/Xcode.app/Contents/Developer/Platforms/iPhoneSimulator.platform/Developer/SDKs/iPhoneSimulator7.1.sdk/usr/lib/libAXSpeechManager.dylib. One of the two will be used. Which one is undefined.
2014-04-13 19:08:26.481 CraigSearch[1643:70b] Cannot find executable for CFBundle 0xa3923f0 </Applications/Xcode.app/Contents/Developer/Platforms/iPhoneSimulator.platform/Developer/SDKs/iPhoneSimulator7.1.sdk/System/Library/AccessibilityBundles/GeoServices.axbundle> (not loaded)
2014-04-13 19:08:26.488 CraigSearch[1643:70b] Cannot find executable for CFBundle 0xa47e4a0 </Applications/Xcode.app/Contents/Developer/Platforms/iPhoneSimulator.platform/Developer/SDKs/iPhoneSimulator7.1.sdk/System/Library/AccessibilityBundles/CertUIFramework.axbundle> (not loaded)
2014-04-13 19:08:26.521 CraigSearch[1643:70b] Multi-tasking -> Device: YES, App: YES
2014-04-13 19:08:26.529 CraigSearch[1643:70b] ERROR: Start Page at 'www/index.html' was not found.
2014-04-13 19:08:26.670 CraigSearch[1643:70b] Resetting plugins due to page load.
2014-04-13 19:08:26.697 CraigSearch[1643:70b] Finished load of: about:blank
objc[18453]: Class AXEmojiUtilities is implemented in both /Applications/Xcode.app/Contents/Developer/Platforms/iPhoneSimulator.platform/Developer/SDKs/iPhoneSimulator7.1.sdk/System/Library/PrivateFrameworks/AccessibilityUtilities.framework/AccessibilityUtilities and /Applications/Xcode.app/Contents/Developer/Platforms/iPhoneSimulator.platform/Developer/SDKs/iPhoneSimulator7.1.sdk/usr/lib/libAXSpeechManager.dylib. One of the two will be used. Which one is undefined.
2014-04-13 19:13:03.887 CraigSearch[18453:70b] Cannot find executable for CFBundle 0xa292370 </Applications/Xcode.app/Contents/Developer/Platforms/iPhoneSimulator.platform/Developer/SDKs/iPhoneSimulator7.1.sdk/System/Library/AccessibilityBundles/GeoServices.axbundle> (not loaded)
2014-04-13 19:13:03.893 CraigSearch[18453:70b] Cannot find executable for CFBundle 0xa2b3360 </Applications/Xcode.app/Contents/Developer/Platforms/iPhoneSimulator.platform/Developer/SDKs/iPhoneSimulator7.1.sdk/System/Library/AccessibilityBundles/CertUIFramework.axbundle> (not loaded)
2014-04-13 19:13:03.920 CraigSearch[18453:70b] Multi-tasking -> Device: YES, App: YES
2014-04-13 19:13:03.929 CraigSearch[18453:70b] ERROR: Start Page at 'www/index.htmlz' was not found.
2014-04-13 19:13:03.995 CraigSearch[18453:70b] Resetting plugins due to page load.
2014-04-13 19:13:04.003 CraigSearch[18453:70b] Finished load of: about:blank
objc[35270]: Class AXEmojiUtilities is implemented in both /Applications/Xcode.app/Contents/Developer/Platforms/iPhoneSimulator.platform/Developer/SDKs/iPhoneSimulator7.1.sdk/System/Library/PrivateFrameworks/AccessibilityUtilities.framework/AccessibilityUtilities and /Applications/Xcode.app/Contents/Developer/Platforms/iPhoneSimulator.platform/Developer/SDKs/iPhoneSimulator7.1.sdk/usr/lib/libAXSpeechManager.dylib. One of the two will be used. Which one is undefined.
2014-04-13 19:16:10.446 CraigSearch[35270:70b] Cannot find executable for CFBundle 0xa333870 </Applications/Xcode.app/Contents/Developer/Platforms/iPhoneSimulator.platform/Developer/SDKs/iPhoneSimulator7.1.sdk/System/Library/AccessibilityBundles/GeoServices.axbundle> (not loaded)
2014-04-13 19:16:10.452 CraigSearch[35270:70b] Cannot find executable for CFBundle 0xa22bcf0 </Applications/Xcode.app/Contents/Developer/Platforms/iPhoneSimulator.platform/Developer/SDKs/iPhoneSimulator7.1.sdk/System/Library/AccessibilityBundles/CertUIFramework.axbundle> (not loaded)
2014-04-13 19:16:10.482 CraigSearch[35270:70b] Multi-tasking -> Device: YES, App: YES
2014-04-13 19:16:10.618 CraigSearch[35270:70b] Resetting plugins due to page load.
2014-04-13 19:16:10.820 CraigSearch[35270:70b] Finished load of: file:///Users/jasonbucki/Library/Application%20Support/iPhone%20Simulator/7.1/Applications/B3189603-0D54-463D-A1FD-32FE30B3AFAD/CraigSearch.app/www/app/index.html#/home
objc[53042]: Class AXEmojiUtilities is implemented in both /Applications/Xcode.app/Contents/Developer/Platforms/iPhoneSimulator.platform/Developer/SDKs/iPhoneSimulator7.1.sdk/System/Library/PrivateFrameworks/AccessibilityUtilities.framework/AccessibilityUtilities and /Applications/Xcode.app/Contents/Developer/Platforms/iPhoneSimulator.platform/Developer/SDKs/iPhoneSimulator7.1.sdk/usr/lib/libAXSpeechManager.dylib. One of the two will be used. Which one is undefined.
2014-04-14 09:14:04.094 CraigSearch[53042:70b] Cannot find executable for CFBundle 0xa478790 </Applications/Xcode.app/Contents/Developer/Platforms/iPhoneSimulator.platform/Developer/SDKs/iPhoneSimulator7.1.sdk/System/Library/AccessibilityBundles/GeoServices.axbundle> (not loaded)
2014-04-14 09:14:04.101 CraigSearch[53042:70b] Cannot find executable for CFBundle 0xa5cab10 </Applications/Xcode.app/Contents/Developer/Platforms/iPhoneSimulator.platform/Developer/SDKs/iPhoneSimulator7.1.sdk/System/Library/AccessibilityBundles/CertUIFramework.axbundle> (not loaded)
2014-04-14 09:14:04.127 CraigSearch[53042:70b] Multi-tasking -> Device: YES, App: YES
2014-04-14 09:14:04.259 CraigSearch[53042:70b] Resetting plugins due to page load.
2014-04-14 09:14:04.395 CraigSearch[53042:70b] Finished load of: file:///Users/jasonbucki/Library/Application%20Support/iPhone%20Simulator/7.1/Applications/B3189603-0D54-463D-A1FD-32FE30B3AFAD/CraigSearch.app/www/app/index.html#/home
objc[65104]: Class AXEmojiUtilities is implemented in both /Applications/Xcode.app/Contents/Developer/Platforms/iPhoneSimulator.platform/Developer/SDKs/iPhoneSimulator7.1.sdk/System/Library/PrivateFrameworks/AccessibilityUtilities.framework/AccessibilityUtilities and /Applications/Xcode.app/Contents/Developer/Platforms/iPhoneSimulator.platform/Developer/SDKs/iPhoneSimulator7.1.sdk/usr/lib/libAXSpeechManager.dylib. One of the two will be used. Which one is undefined.
2014-04-22 22:28:52.149 CraigSearch[65104:70b] Cannot find executable for CFBundle 0xa29acf0 </Applications/Xcode.app/Contents/Developer/Platforms/iPhoneSimulator.platform/Developer/SDKs/iPhoneSimulator7.1.sdk/System/Library/AccessibilityBundles/CertUIFramework.axbundle> (not loaded)
2014-04-22 22:28:52.157 CraigSearch[65104:70b] Cannot find executable for CFBundle 0xa29e620 </Applications/Xcode.app/Contents/Developer/Platforms/iPhoneSimulator.platform/Developer/SDKs/iPhoneSimulator7.1.sdk/System/Library/AccessibilityBundles/GeoServices.axbundle> (not loaded)
2014-04-22 22:28:52.184 CraigSearch[65104:70b] Multi-tasking -> Device: YES, App: YES
2014-04-22 22:28:52.313 CraigSearch[65104:70b] Resetting plugins due to page load.
2014-04-22 22:28:52.420 CraigSearch[65104:70b] Finished load of: file:///Users/jasonbucki/Library/Application%20Support/iPhone%20Simulator/7.1/Applications/B3189603-0D54-463D-A1FD-32FE30B3AFAD/CraigSearch.app/www/app/index.html#/searches
objc[25814]: Class AXEmojiUtilities is implemented in both /Applications/Xcode.app/Contents/Developer/Platforms/iPhoneSimulator.platform/Developer/SDKs/iPhoneSimulator7.1.sdk/System/Library/PrivateFrameworks/AccessibilityUtilities.framework/AccessibilityUtilities and /Applications/Xcode.app/Contents/Developer/Platforms/iPhoneSimulator.platform/Developer/SDKs/iPhoneSimulator7.1.sdk/usr/lib/libAXSpeechManager.dylib. One of the two will be used. Which one is undefined.
2014-04-26 17:45:05.158 CraigSearch[25814:70b] Cannot find executable for CFBundle 0xa4bd0a0 </Applications/Xcode.app/Contents/Developer/Platforms/iPhoneSimulator.platform/Developer/SDKs/iPhoneSimulator7.1.sdk/System/Library/AccessibilityBundles/CertUIFramework.axbundle> (not loaded)
2014-04-26 17:45:05.162 CraigSearch[25814:70b] Cannot find executable for CFBundle 0xa4d5290 </Applications/Xcode.app/Contents/Developer/Platforms/iPhoneSimulator.platform/Developer/SDKs/iPhoneSimulator7.1.sdk/System/Library/AccessibilityBundles/GeoServices.axbundle> (not loaded)
2014-04-26 17:45:05.189 CraigSearch[25814:70b] Multi-tasking -> Device: YES, App: YES
2014-04-26 17:45:05.512 CraigSearch[25814:70b] Resetting plugins due to page load.
2014-04-26 17:45:05.725 CraigSearch[25814:70b] Finished load of: file:///Users/jasonbucki/Library/Application%20Support/iPhone%20Simulator/7.1/Applications/B3189603-0D54-463D-A1FD-32FE30B3AFAD/CraigSearch.app/www/app/index.html#/searches
2014-04-26 17:45:09.730 CraigSearch[25814:3f07] ERROR whitelist rejection: url='http://localhost:3000/searches/a0621fbf-b67f-4a65-8a82-fd16dec6e7fa/results.json?callback=angular.callbacks._0'
2014-04-26 17:45:09.731 CraigSearch[25814:3f07] ERROR whitelist rejection: url='http://localhost:3000/searches/a0621fbf-b67f-4a65-8a82-fd16dec6e7fa/results.json?callback=angular.callbacks._0'
2014-04-26 17:45:09.731 CraigSearch[25814:3f07] ERROR whitelist rejection: url='http://localhost:3000/searches/a0621fbf-b67f-4a65-8a82-fd16dec6e7fa/results.json?callback=angular.callbacks._0'
2014-04-26 17:45:09.741 CraigSearch[25814:3f07] ERROR whitelist rejection: url='http://localhost:3000/searches/a0621fbf-b67f-4a65-8a82-fd16dec6e7fa/results.json?callback=angular.callbacks._1'
2014-04-26 17:45:09.742 CraigSearch[25814:3f07] ERROR whitelist rejection: url='http://localhost:3000/searches/a0621fbf-b67f-4a65-8a82-fd16dec6e7fa/results.json?callback=angular.callbacks._1'
2014-04-26 17:45:09.742 CraigSearch[25814:3f07] ERROR whitelist rejection: url='http://localhost:3000/searches/a0621fbf-b67f-4a65-8a82-fd16dec6e7fa/results.json?callback=angular.callbacks._1'
2014-04-26 17:46:07.533 CraigSearch[25814:70b] Received memory warning.
objc[42817]: Class AXEmojiUtilities is implemented in both /Applications/Xcode.app/Contents/Developer/Platforms/iPhoneSimulator.platform/Developer/SDKs/iPhoneSimulator7.1.sdk/System/Library/PrivateFrameworks/AccessibilityUtilities.framework/AccessibilityUtilities and /Applications/Xcode.app/Contents/Developer/Platforms/iPhoneSimulator.platform/Developer/SDKs/iPhoneSimulator7.1.sdk/usr/lib/libAXSpeechManager.dylib. One of the two will be used. Which one is undefined.
2014-04-26 17:51:51.343 CraigSearch[42817:70b] Cannot find executable for CFBundle 0xa488770 </Applications/Xcode.app/Contents/Developer/Platforms/iPhoneSimulator.platform/Developer/SDKs/iPhoneSimulator7.1.sdk/System/Library/AccessibilityBundles/CertUIFramework.axbundle> (not loaded)
2014-04-26 17:51:51.350 CraigSearch[42817:70b] Cannot find executable for CFBundle 0xa49d320 </Applications/Xcode.app/Contents/Developer/Platforms/iPhoneSimulator.platform/Developer/SDKs/iPhoneSimulator7.1.sdk/System/Library/AccessibilityBundles/GeoServices.axbundle> (not loaded)
2014-04-26 17:51:51.386 CraigSearch[42817:70b] Multi-tasking -> Device: YES, App: YES
2014-04-26 17:51:51.543 CraigSearch[42817:70b] Resetting plugins due to page load.
2014-04-26 17:51:51.673 CraigSearch[42817:70b] Finished load of: file:///Users/jasonbucki/Library/Application%20Support/iPhone%20Simulator/7.1/Applications/B3189603-0D54-463D-A1FD-32FE30B3AFAD/CraigSearch.app/www/app/index.html#/searches
objc[59760]: Class AXEmojiUtilities is implemented in both /Applications/Xcode.app/Contents/Developer/Platforms/iPhoneSimulator.platform/Developer/SDKs/iPhoneSimulator7.1.sdk/System/Library/PrivateFrameworks/AccessibilityUtilities.framework/AccessibilityUtilities and /Applications/Xcode.app/Contents/Developer/Platforms/iPhoneSimulator.platform/Developer/SDKs/iPhoneSimulator7.1.sdk/usr/lib/libAXSpeechManager.dylib. One of the two will be used. Which one is undefined.
2014-04-26 17:55:49.047 CraigSearch[59760:70b] Cannot find executable for CFBundle 0xa53e830 </Applications/Xcode.app/Contents/Developer/Platforms/iPhoneSimulator.platform/Developer/SDKs/iPhoneSimulator7.1.sdk/System/Library/AccessibilityBundles/GeoServices.axbundle> (not loaded)
2014-04-26 17:55:49.053 CraigSearch[59760:70b] Cannot find executable for CFBundle 0xa5619d0 </Applications/Xcode.app/Contents/Developer/Platforms/iPhoneSimulator.platform/Developer/SDKs/iPhoneSimulator7.1.sdk/System/Library/AccessibilityBundles/CertUIFramework.axbundle> (not loaded)
2014-04-26 17:55:49.081 CraigSearch[59760:70b] Multi-tasking -> Device: YES, App: YES
2014-04-26 17:55:49.216 CraigSearch[59760:70b] Resetting plugins due to page load.
2014-04-26 17:55:49.326 CraigSearch[59760:70b] Finished load of: file:///Users/jasonbucki/Library/Application%20Support/iPhone%20Simulator/7.1/Applications/B3189603-0D54-463D-A1FD-32FE30B3AFAD/CraigSearch.app/www/app/index.html#/searches
2014-04-26 17:56:02.821 CraigSearch[59760:3f07] ERROR whitelist rejection: url='http://localhost:3000/searches/a0621fbf-b67f-4a65-8a82-fd16dec6e7fa/results.json?callback=angular.callbacks._0'
2014-04-26 17:56:02.822 CraigSearch[59760:3f07] ERROR whitelist rejection: url='http://localhost:3000/searches/a0621fbf-b67f-4a65-8a82-fd16dec6e7fa/results.json?callback=angular.callbacks._0'
2014-04-26 17:56:02.823 CraigSearch[59760:3f07] ERROR whitelist rejection: url='http://localhost:3000/searches/a0621fbf-b67f-4a65-8a82-fd16dec6e7fa/results.json?callback=angular.callbacks._0'
2014-04-26 17:56:02.835 CraigSearch[59760:3f07] ERROR whitelist rejection: url='http://localhost:3000/searches/a0621fbf-b67f-4a65-8a82-fd16dec6e7fa/results.json?callback=angular.callbacks._1'
2014-04-26 17:56:02.836 CraigSearch[59760:3f07] ERROR whitelist rejection: url='http://localhost:3000/searches/a0621fbf-b67f-4a65-8a82-fd16dec6e7fa/results.json?callback=angular.callbacks._1'
2014-04-26 17:56:02.837 CraigSearch[59760:3f07] ERROR whitelist rejection: url='http://localhost:3000/searches/a0621fbf-b67f-4a65-8a82-fd16dec6e7fa/results.json?callback=angular.callbacks._1'
2014-04-26 17:56:15.975 CraigSearch[59760:70b] ERROR whitelist rejection: url='http://localhost:3000/searches/a0621fbf-b67f-4a65-8a82-fd16dec6e7fa/results.json?callback=angular.callbacks._2'
2014-04-26 17:56:15.975 CraigSearch[59760:70b] ERROR whitelist rejection: url='http://localhost:3000/searches/a0621fbf-b67f-4a65-8a82-fd16dec6e7fa/results.json?callback=angular.callbacks._2'
2014-04-26 17:56:15.976 CraigSearch[59760:70b] ERROR whitelist rejection: url='http://localhost:3000/searches/a0621fbf-b67f-4a65-8a82-fd16dec6e7fa/results.json?callback=angular.callbacks._2'
objc[80732]: Class AXEmojiUtilities is implemented in both /Applications/Xcode.app/Contents/Developer/Platforms/iPhoneSimulator.platform/Developer/SDKs/iPhoneSimulator7.1.sdk/System/Library/PrivateFrameworks/AccessibilityUtilities.framework/AccessibilityUtilities and /Applications/Xcode.app/Contents/Developer/Platforms/iPhoneSimulator.platform/Developer/SDKs/iPhoneSimulator7.1.sdk/usr/lib/libAXSpeechManager.dylib. One of the two will be used. Which one is undefined.
2014-04-26 17:59:22.446 CraigSearch[80732:70b] Cannot find executable for CFBundle 0xa25c070 </Applications/Xcode.app/Contents/Developer/Platforms/iPhoneSimulator.platform/Developer/SDKs/iPhoneSimulator7.1.sdk/System/Library/AccessibilityBundles/CertUIFramework.axbundle> (not loaded)
2014-04-26 17:59:22.453 CraigSearch[80732:70b] Cannot find executable for CFBundle 0xa27b990 </Applications/Xcode.app/Contents/Developer/Platforms/iPhoneSimulator.platform/Developer/SDKs/iPhoneSimulator7.1.sdk/System/Library/AccessibilityBundles/GeoServices.axbundle> (not loaded)
2014-04-26 17:59:22.485 CraigSearch[80732:70b] Multi-tasking -> Device: YES, App: YES
2014-04-26 17:59:22.493 CraigSearch[80732:70b] Unlimited access to network resources
2014-04-26 17:59:22.640 CraigSearch[80732:70b] Resetting plugins due to page load.
2014-04-26 17:59:22.778 CraigSearch[80732:70b] Finished load of: file:///Users/jasonbucki/Library/Application%20Support/iPhone%20Simulator/7.1/Applications/B3189603-0D54-463D-A1FD-32FE30B3AFAD/CraigSearch.app/www/app/index.html#/searches
Terminating in response to SpringBoard's termination.
objc[28891]: Class AXEmojiUtilities is implemented in both /Applications/Xcode.app/Contents/Developer/Platforms/iPhoneSimulator.platform/Developer/SDKs/iPhoneSimulator7.1.sdk/System/Library/PrivateFrameworks/AccessibilityUtilities.framework/AccessibilityUtilities and /Applications/Xcode.app/Contents/Developer/Platforms/iPhoneSimulator.platform/Developer/SDKs/iPhoneSimulator7.1.sdk/usr/lib/libAXSpeechManager.dylib. One of the two will be used. Which one is undefined.
2014-04-26 20:48:35.912 CraigSearch[28891:70b] Cannot find executable for CFBundle 0xa23bb50 </Applications/Xcode.app/Contents/Developer/Platforms/iPhoneSimulator.platform/Developer/SDKs/iPhoneSimulator7.1.sdk/System/Library/AccessibilityBundles/CertUIFramework.axbundle> (not loaded)
2014-04-26 20:48:35.921 CraigSearch[28891:70b] Cannot find executable for CFBundle 0xa456ff0 </Applications/Xcode.app/Contents/Developer/Platforms/iPhoneSimulator.platform/Developer/SDKs/iPhoneSimulator7.1.sdk/System/Library/AccessibilityBundles/GeoServices.axbundle> (not loaded)
2014-04-26 20:48:35.950 CraigSearch[28891:70b] Multi-tasking -> Device: YES, App: YES
2014-04-26 20:48:35.984 CraigSearch[28891:70b] Unlimited access to network resources
2014-04-26 20:48:36.111 CraigSearch[28891:70b] Resetting plugins due to page load.
2014-04-26 20:48:36.246 CraigSearch[28891:70b] Finished load of: file:///Users/jasonbucki/Library/Application%20Support/iPhone%20Simulator/7.1/Applications/B3189603-0D54-463D-A1FD-32FE30B3AFAD/CraigSearch.app/www/app/index.html#/searches
objc[45827]: Class AXEmojiUtilities is implemented in both /Applications/Xcode.app/Contents/Developer/Platforms/iPhoneSimulator.platform/Developer/SDKs/iPhoneSimulator7.1.sdk/System/Library/PrivateFrameworks/AccessibilityUtilities.framework/AccessibilityUtilities and /Applications/Xcode.app/Contents/Developer/Platforms/iPhoneSimulator.platform/Developer/SDKs/iPhoneSimulator7.1.sdk/usr/lib/libAXSpeechManager.dylib. One of the two will be used. Which one is undefined.
2014-04-26 20:52:17.556 CraigSearch[45827:70b] Cannot find executable for CFBundle 0xa2523a0 </Applications/Xcode.app/Contents/Developer/Platforms/iPhoneSimulator.platform/Developer/SDKs/iPhoneSimulator7.1.sdk/System/Library/AccessibilityBundles/GeoServices.axbundle> (not loaded)
2014-04-26 20:52:17.581 CraigSearch[45827:70b] Cannot find executable for CFBundle 0xa343880 </Applications/Xcode.app/Contents/Developer/Platforms/iPhoneSimulator.platform/Developer/SDKs/iPhoneSimulator7.1.sdk/System/Library/AccessibilityBundles/CertUIFramework.axbundle> (not loaded)
2014-04-26 20:52:17.777 CraigSearch[45827:70b] Multi-tasking -> Device: YES, App: YES
2014-04-26 20:52:17.822 CraigSearch[45827:70b] Unlimited access to network resources
2014-04-26 20:52:18.074 CraigSearch[45827:70b] Resetting plugins due to page load.
2014-04-26 20:52:18.214 CraigSearch[45827:70b] Finished load of: file:///Users/jasonbucki/Library/Application%20Support/iPhone%20Simulator/7.1/Applications/CB5AEDAF-8DC1-4240-B820-C66981146D35/CraigSearch.app/www/app/index.html#/searches
